[debug] [2023-04-05T14:04:34.974Z] ----------------------------------------------------------------------
[debug] [2023-04-05T14:04:34.975Z] Command:       C:\Program Files\nodejs\node.exe C:\Users\HP\AppData\Roaming\npm\node_modules\firebase-tools\lib\bin\firebase.js init hosting
[debug] [2023-04-05T14:04:34.976Z] CLI Version:   11.25.2
[debug] [2023-04-05T14:04:34.976Z] Platform:      win32
[debug] [2023-04-05T14:04:34.976Z] Node Version:  v19.3.0
[debug] [2023-04-05T14:04:34.976Z] Time:          Wed Apr 05 2023 19:34:34 GMT+0530 (India Standard Time)
[debug] [2023-04-05T14:04:34.976Z] ----------------------------------------------------------------------
[debug] 
[debug] [2023-04-05T14:04:34.980Z] > command requires scopes: ["email","openid","https://www.googleapis.com/auth/cloudplatformprojects.readonly","https://www.googleapis.com/auth/firebase","https://www.googleapis.com/auth/cloud-platform"]
[debug] [2023-04-05T14:04:34.981Z] > authorizing via signed-in user (surender82905@gmail.com)
[info] 
     ######## #### ########  ######## ########     ###     ######  ########
     ##        ##  ##     ## ##       ##     ##  ##   ##  ##       ##
     ######    ##  ########  ######   ########  #########  ######  ######
     ##        ##  ##    ##  ##       ##     ## ##     ##       ## ##
     ##       #### ##     ## ######## ########  ##     ##  ######  ########

You're about to initialize a Firebase project in this directory:

  C:\Surender\Web\React\StreamWay\streamway_landing

Before we get started, keep in mind:

  * You are currently outside your home directory

[info] 
=== Project Setup
[info] 
[info] First, let's associate this project directory with a Firebase project.
[info] You can create multiple project aliases by running firebase use --add, 
[info] but for now we'll just set up a default project.
[info] 
[debug] [2023-04-05T14:05:03.047Z] >>> [apiv2][query] GET https://firebase.googleapis.com/v1beta1/projects pageSize=100
[debug] [2023-04-05T14:05:15.637Z] <<< [apiv2][status] GET https://firebase.googleapis.com/v1beta1/projects 200
[debug] [2023-04-05T14:05:15.637Z] <<< [apiv2][body] GET https://firebase.googleapis.com/v1beta1/projects [omitted]
[info] i  Using project heck-a-thon (heck-a-thon) 
[info] 
=== Hosting Setup
[info] 
[info] Your public directory is the folder (relative to your project directory) that
[info] will contain Hosting assets to be uploaded with firebase deploy. If you
[info] have a build process for your assets, use your build's output directory.
[info] 
[debug] [2023-04-05T14:07:12.599Z] ----------------------------------------------------------------------
[debug] [2023-04-05T14:07:12.601Z] Command:       C:\Program Files\nodejs\node.exe C:\Users\HP\AppData\Roaming\npm\node_modules\firebase-tools\lib\bin\firebase.js init hosting
[debug] [2023-04-05T14:07:12.601Z] CLI Version:   11.25.2
[debug] [2023-04-05T14:07:12.601Z] Platform:      win32
[debug] [2023-04-05T14:07:12.602Z] Node Version:  v19.3.0
[debug] [2023-04-05T14:07:12.602Z] Time:          Wed Apr 05 2023 19:37:12 GMT+0530 (India Standard Time)
[debug] [2023-04-05T14:07:12.602Z] ----------------------------------------------------------------------
[debug] 
[debug] [2023-04-05T14:07:12.606Z] > command requires scopes: ["email","openid","https://www.googleapis.com/auth/cloudplatformprojects.readonly","https://www.googleapis.com/auth/firebase","https://www.googleapis.com/auth/cloud-platform"]
[debug] [2023-04-05T14:07:12.607Z] > authorizing via signed-in user (surender82905@gmail.com)
[info] 
     ######## #### ########  ######## ########     ###     ######  ########
     ##        ##  ##     ## ##       ##     ##  ##   ##  ##       ##
     ######    ##  ########  ######   ########  #########  ######  ######
     ##        ##  ##    ##  ##       ##     ## ##     ##       ## ##
     ##       #### ##     ## ######## ########  ##     ##  ######  ########

You're about to initialize a Firebase project in this directory:

  C:\Surender\Web\React\StreamWay\streamway_landing

Before we get started, keep in mind:

  * You are currently outside your home directory

[info] 
=== Project Setup
[info] 
[info] First, let's associate this project directory with a Firebase project.
[info] You can create multiple project aliases by running firebase use --add, 
[info] but for now we'll just set up a default project.
[info] 
[debug] [2023-04-05T14:12:30.736Z] >>> [apiv2][query] GET https://firebase.googleapis.com/v1beta1/projects pageSize=100
[debug] [2023-04-05T14:12:42.909Z] <<< [apiv2][status] GET https://firebase.googleapis.com/v1beta1/projects 200
[debug] [2023-04-05T14:12:42.909Z] <<< [apiv2][body] GET https://firebase.googleapis.com/v1beta1/projects [omitted]
[info] i  Using project streamway-79 (Streamway) 
[info] 
=== Hosting Setup
[info] 
[info] Your public directory is the folder (relative to your project directory) that
[info] will contain Hosting assets to be uploaded with firebase deploy. If you
[info] have a build process for your assets, use your build's output directory.
[info] 
[debug] [2023-04-05T14:13:15.813Z] >>> [apiv2][query] GET https://www.gstatic.com/firebasejs/releases.json [none]
[debug] [2023-04-05T14:13:27.143Z] <<< [apiv2][status] GET https://www.gstatic.com/firebasejs/releases.json 200
[debug] [2023-04-05T14:13:27.144Z] <<< [apiv2][body] GET https://www.gstatic.com/firebasejs/releases.json {"current":{"version":"9.19.1","browserURL":"https://www.gstatic.com/firebasejs/9.19.1/firebase.js","packageURL":"https://www.gstatic.com/firebasejs/9.19.1/firebase.tgz"},"live":{"version":"9.19","browserURL":"https://www.gstatic.com/firebasejs/live/9.19/firebase.js","packageURL":"https://www.gstatic.com/firebasejs/live/9.19/firebase.tgz"},"components":{"analytics":"https://www.gstatic.com/firebasejs/9.19.1/firebase-analytics.js","app":"https://www.gstatic.com/firebasejs/9.19.1/firebase-app.js","app-check":"https://www.gstatic.com/firebasejs/9.19.1/firebase-app-check.js","auth":"https://www.gstatic.com/firebasejs/9.19.1/firebase-auth.js","auth/cordova":"https://www.gstatic.com/firebasejs/9.19.1/firebase-auth/cordova.js","auth/react-native":"https://www.gstatic.com/firebasejs/9.19.1/firebase-auth/react-native.js","functions":"https://www.gstatic.com/firebasejs/9.19.1/firebase-functions.js","firestore":"https://www.gstatic.com/firebasejs/9.19.1/firebase-firestore.js","firestore/lite":"https://www.gstatic.com/firebasejs/9.19.1/firebase-firestore/lite.js","installations":"https://www.gstatic.com/firebasejs/9.19.1/firebase-installations.js","storage":"https://www.gstatic.com/firebasejs/9.19.1/firebase-storage.js","performance":"https://www.gstatic.com/firebasejs/9.19.1/firebase-performance.js","remote-config":"https://www.gstatic.com/firebasejs/9.19.1/firebase-remote-config.js","messaging":"https://www.gstatic.com/firebasejs/9.19.1/firebase-messaging.js","messaging/sw":"https://www.gstatic.com/firebasejs/9.19.1/firebase-messaging/sw.js","database":"https://www.gstatic.com/firebasejs/9.19.1/firebase-database.js","firestore.memory":"https://www.gstatic.com/firebasejs/9.19.1/firebase-firestore.memory.js"}}
[info] i  Skipping write of public/index.html 
[info] 
[info] i  Detected a .git folder at C:\Surender\Web\React\StreamWay\streamway_landing 
[info] i  Authorizing with GitHub to upload your service account to a GitHub repository's secrets store. 
[info] 
[info] Visit this URL on this device to log in:
[info] https://github.com/login/oauth/authorize?client_id=89cf50f02ac6aaed3484&state=787722588&redirect_uri=http%3A%2F%2Flocalhost%3A9005&scope=read%3Auser%20repo%20public_repo
[info] 
[info] Waiting for authentication...
[debug] [2023-04-05T14:13:42.144Z] >>> [apiv2][query] POST https://github.com/login/oauth/access_token [none]
[debug] [2023-04-05T14:13:42.144Z] >>> [apiv2][body] POST https://github.com/login/oauth/access_token [stream]
[debug] [2023-04-05T14:13:53.741Z] <<< [apiv2][status] POST https://github.com/login/oauth/access_token 200
[debug] [2023-04-05T14:13:53.741Z] <<< [apiv2][body] POST https://github.com/login/oauth/access_token {"access_token":"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","token_type":"bearer","scope":"read:user,repo"}
[debug] [2023-04-05T14:13:53.754Z] >>> [apiv2][query] GET https://api.github.com/user [none]
[debug] [2023-04-05T14:13:54.230Z] <<< [apiv2][status] GET https://api.github.com/user 200
[debug] [2023-04-05T14:13:54.230Z] <<< [apiv2][body] GET https://api.github.com/user {"login":"surenderdeora","id":114305678,"node_id":"U_kgDOBtAqjg","avatar_url":"https://avatars.githubusercontent.com/u/114305678?v=4","gravatar_id":"","url":"https://api.github.com/users/surenderdeora","html_url":"https://github.com/surenderdeora","followers_url":"https://api.github.com/users/surenderdeora/followers","following_url":"https://api.github.com/users/surenderdeora/following{/other_user}","gists_url":"https://api.github.com/users/surenderdeora/gists{/gist_id}","starred_url":"https://api.github.com/users/surenderdeora/starred{/owner}{/repo}","subscriptions_url":"https://api.github.com/users/surenderdeora/subscriptions","organizations_url":"https://api.github.com/users/surenderdeora/orgs","repos_url":"https://api.github.com/users/surenderdeora/repos","events_url":"https://api.github.com/users/surenderdeora/events{/privacy}","received_events_url":"https://api.github.com/users/surenderdeora/received_events","type":"User","site_admin":false,"name":"Surender deora","company":null,"blog":"","location":null,"email":null,"hireable":null,"bio":null,"twitter_username":null,"public_repos":1,"public_gists":0,"followers":0,"following":1,"created_at":"2022-09-24T16:51:34Z","updated_at":"2023-03-25T18:34:25Z","private_gists":0,"total_private_repos":5,"owned_private_repos":5,"disk_usage":436,"collaborators":0,"two_factor_authentication":false,"plan":{"name":"free","space":976562499,"collaborators":0,"private_repos":10000}}
[info] 
[info] +  Success! Logged into GitHub as surenderdeora 
[info] 
[debug] [2023-04-05T14:14:16.748Z] >>> [apiv2][query] GET https://api.github.com/repos//actions/secrets/public-key type=owner
[debug] [2023-04-05T14:14:28.233Z] <<< [apiv2][status] GET https://api.github.com/repos//actions/secrets/public-key 404
[debug] [2023-04-05T14:14:28.234Z] <<< [apiv2][body] GET https://api.github.com/repos//actions/secrets/public-key {"message":"Not Found","documentation_url":"https://docs.github.com/rest"}
[debug] [2023-04-05T14:15:00.628Z] ----------------------------------------------------------------------
[debug] [2023-04-05T14:15:00.630Z] Command:       C:\Program Files\nodejs\node.exe C:\Users\HP\AppData\Roaming\npm\node_modules\firebase-tools\lib\bin\firebase.js init hosting
[debug] [2023-04-05T14:15:00.630Z] CLI Version:   11.25.2
[debug] [2023-04-05T14:15:00.630Z] Platform:      win32
[debug] [2023-04-05T14:15:00.630Z] Node Version:  v19.3.0
[debug] [2023-04-05T14:15:00.630Z] Time:          Wed Apr 05 2023 19:45:00 GMT+0530 (India Standard Time)
[debug] [2023-04-05T14:15:00.630Z] ----------------------------------------------------------------------
[debug] 
[debug] [2023-04-05T14:15:00.635Z] > command requires scopes: ["email","openid","https://www.googleapis.com/auth/cloudplatformprojects.readonly","https://www.googleapis.com/auth/firebase","https://www.googleapis.com/auth/cloud-platform"]
[debug] [2023-04-05T14:15:00.635Z] > authorizing via signed-in user (surender82905@gmail.com)
[info] 
     ######## #### ########  ######## ########     ###     ######  ########
     ##        ##  ##     ## ##       ##     ##  ##   ##  ##       ##
     ######    ##  ########  ######   ########  #########  ######  ######
     ##        ##  ##    ##  ##       ##     ## ##     ##       ## ##
     ##       #### ##     ## ######## ########  ##     ##  ######  ########

You're about to initialize a Firebase project in this directory:

  C:\Surender\Web\React\StreamWay\streamway_landing

Before we get started, keep in mind:

  * You are currently outside your home directory

[info] 
=== Project Setup
[info] 
[info] First, let's associate this project directory with a Firebase project.
[info] You can create multiple project aliases by running firebase use --add, 
[info] but for now we'll just set up a default project.
[info] 
[debug] [2023-04-05T14:15:05.186Z] >>> [apiv2][query] GET https://firebase.googleapis.com/v1beta1/projects pageSize=100
[debug] [2023-04-05T14:15:06.017Z] <<< [apiv2][status] GET https://firebase.googleapis.com/v1beta1/projects 200
[debug] [2023-04-05T14:15:06.017Z] <<< [apiv2][body] GET https://firebase.googleapis.com/v1beta1/projects [omitted]
[info] i  Using project streamway-79 (Streamway) 
[info] 
=== Hosting Setup
[info] 
[info] Your public directory is the folder (relative to your project directory) that
[info] will contain Hosting assets to be uploaded with firebase deploy. If you
[info] have a build process for your assets, use your build's output directory.
[info] 
[debug] [2023-04-05T14:18:35.591Z] ----------------------------------------------------------------------
[debug] [2023-04-05T14:18:35.593Z] Command:       C:\Program Files\nodejs\node.exe C:\Users\HP\AppData\Roaming\npm\node_modules\firebase-tools\lib\bin\firebase.js init hosting
[debug] [2023-04-05T14:18:35.593Z] CLI Version:   11.25.2
[debug] [2023-04-05T14:18:35.593Z] Platform:      win32
[debug] [2023-04-05T14:18:35.593Z] Node Version:  v19.3.0
[debug] [2023-04-05T14:18:35.593Z] Time:          Wed Apr 05 2023 19:48:35 GMT+0530 (India Standard Time)
[debug] [2023-04-05T14:18:35.594Z] ----------------------------------------------------------------------
[debug] 
[debug] [2023-04-05T14:18:35.598Z] > command requires scopes: ["email","openid","https://www.googleapis.com/auth/cloudplatformprojects.readonly","https://www.googleapis.com/auth/firebase","https://www.googleapis.com/auth/cloud-platform"]
[debug] [2023-04-05T14:18:35.598Z] > authorizing via signed-in user (surender82905@gmail.com)
[info] 
     ######## #### ########  ######## ########     ###     ######  ########
     ##        ##  ##     ## ##       ##     ##  ##   ##  ##       ##
     ######    ##  ########  ######   ########  #########  ######  ######
     ##        ##  ##    ##  ##       ##     ## ##     ##       ## ##
     ##       #### ##     ## ######## ########  ##     ##  ######  ########

You're about to initialize a Firebase project in this directory:

  C:\Surender\Web\React\StreamWay\streamway_landing

Before we get started, keep in mind:

  * You are currently outside your home directory

[info] 
=== Project Setup
[info] 
[info] First, let's associate this project directory with a Firebase project.
[info] You can create multiple project aliases by running firebase use --add, 
[info] but for now we'll just set up a default project.
[info] 
[debug] [2023-04-05T14:18:38.961Z] >>> [apiv2][query] GET https://firebase.googleapis.com/v1beta1/projects pageSize=100
[debug] [2023-04-05T14:18:50.994Z] <<< [apiv2][status] GET https://firebase.googleapis.com/v1beta1/projects 200
[debug] [2023-04-05T14:18:50.994Z] <<< [apiv2][body] GET https://firebase.googleapis.com/v1beta1/projects [omitted]
[info] i  Using project streamway-79 (Streamway) 
[info] 
=== Hosting Setup
[info] 
[info] Your public directory is the folder (relative to your project directory) that
[info] will contain Hosting assets to be uploaded with firebase deploy. If you
[info] have a build process for your assets, use your build's output directory.
[info] 
[info] i  Skipping write of public/404.html 
[debug] [2023-04-05T14:20:16.629Z] >>> [apiv2][query] GET https://www.gstatic.com/firebasejs/releases.json [none]
[debug] [2023-04-05T14:20:27.931Z] <<< [apiv2][status] GET https://www.gstatic.com/firebasejs/releases.json 200
[debug] [2023-04-05T14:20:27.932Z] <<< [apiv2][body] GET https://www.gstatic.com/firebasejs/releases.json {"current":{"version":"9.19.1","browserURL":"https://www.gstatic.com/firebasejs/9.19.1/firebase.js","packageURL":"https://www.gstatic.com/firebasejs/9.19.1/firebase.tgz"},"live":{"version":"9.19","browserURL":"https://www.gstatic.com/firebasejs/live/9.19/firebase.js","packageURL":"https://www.gstatic.com/firebasejs/live/9.19/firebase.tgz"},"components":{"analytics":"https://www.gstatic.com/firebasejs/9.19.1/firebase-analytics.js","app":"https://www.gstatic.com/firebasejs/9.19.1/firebase-app.js","app-check":"https://www.gstatic.com/firebasejs/9.19.1/firebase-app-check.js","auth":"https://www.gstatic.com/firebasejs/9.19.1/firebase-auth.js","auth/cordova":"https://www.gstatic.com/firebasejs/9.19.1/firebase-auth/cordova.js","auth/react-native":"https://www.gstatic.com/firebasejs/9.19.1/firebase-auth/react-native.js","functions":"https://www.gstatic.com/firebasejs/9.19.1/firebase-functions.js","firestore":"https://www.gstatic.com/firebasejs/9.19.1/firebase-firestore.js","firestore/lite":"https://www.gstatic.com/firebasejs/9.19.1/firebase-firestore/lite.js","installations":"https://www.gstatic.com/firebasejs/9.19.1/firebase-installations.js","storage":"https://www.gstatic.com/firebasejs/9.19.1/firebase-storage.js","performance":"https://www.gstatic.com/firebasejs/9.19.1/firebase-performance.js","remote-config":"https://www.gstatic.com/firebasejs/9.19.1/firebase-remote-config.js","messaging":"https://www.gstatic.com/firebasejs/9.19.1/firebase-messaging.js","messaging/sw":"https://www.gstatic.com/firebasejs/9.19.1/firebase-messaging/sw.js","database":"https://www.gstatic.com/firebasejs/9.19.1/firebase-database.js","firestore.memory":"https://www.gstatic.com/firebasejs/9.19.1/firebase-firestore.memory.js"}}
